_: error: expected `;` but found `identifier`
_: error: expected `;` but found `identifier`
